<?xml version="1.0" encoding="utf-8"?><testsuites><testsuite name="pytest" errors="0" failures="0" skipped="0" tests="1" time="0.256" timestamp="2023-03-10T15:18:01.715315" hostname="igitaeg-ui-noteubug.local"><testcase classname="tests.test_main" name="test_read_main" time="0.006" /></testsuite></testsuites>